<?xml version="1.0" encoding="UTF-8"?>
<!-- Generated by org.testng.reporters.JUnitReportReporter -->
<testsuite skipped="0" hostname="DESKTOP-S2E0FKK" name="com.annotations.DependencyExample" tests="1" failures="0" timestamp="26 Mar 2019 04:55:29 GMT" time="0.008" errors="0">
  <testcase name="login" time="0.008" classname="com.annotations.DependencyExample"/>
</testsuite> <!-- com.annotations.DependencyExample -->
