<?xml version="1.0" encoding="UTF-8"?>
<!-- Generated by org.testng.reporters.JUnitReportReporter -->
<testsuite skipped="1" hostname="DESKTOP-S2E0FKK" name="com.annotations.SkipTestCase" tests="3" failures="0" timestamp="29 Mar 2019 04:48:22 GMT" time="0.025" errors="0">
  <testcase name="login" time="0.018" classname="com.annotations.SkipTestCase"/>
  <testcase name="composemail" time="0.005" classname="com.annotations.SkipTestCase">
    <skipped/>
  </testcase> <!-- composemail -->
  <testcase name="Savemail" time="0.002" classname="com.annotations.SkipTestCase"/>
</testsuite> <!-- com.annotations.SkipTestCase -->
