<?xml version="1.0" encoding="UTF-8"?>
<!-- Generated by org.testng.reporters.JUnitReportReporter -->
<testsuite skipped="0" hostname="DESKTOP-S2E0FKK" name="com.annotations.FetchdataFromDatapool" tests="16" failures="0" timestamp="26 Mar 2019 04:55:29 GMT" time="0.081" errors="0">
  <testcase name="testCase1" time="0.001" classname="com.annotations.FetchdataFromDatapool"/>
  <testcase name="testCase1" time="0.003" classname="com.annotations.FetchdataFromDatapool"/>
  <testcase name="testCase1" time="0.002" classname="com.annotations.FetchdataFromDatapool"/>
  <testcase name="testCase1" time="0.001" classname="com.annotations.FetchdataFromDatapool"/>
  <testcase name="testCase1" time="0.001" classname="com.annotations.FetchdataFromDatapool"/>
  <testcase name="testCase1" time="0.003" classname="com.annotations.FetchdataFromDatapool"/>
  <testcase name="testCase1" time="0.006" classname="com.annotations.FetchdataFromDatapool"/>
  <testcase name="testCase1" time="0.005" classname="com.annotations.FetchdataFromDatapool"/>
  <testcase name="testCase1" time="0.003" classname="com.annotations.FetchdataFromDatapool"/>
  <testcase name="testCase1" time="0.002" classname="com.annotations.FetchdataFromDatapool"/>
  <testcase name="testCase1" time="0.003" classname="com.annotations.FetchdataFromDatapool"/>
  <testcase name="testCase1" time="0.001" classname="com.annotations.FetchdataFromDatapool"/>
  <testcase name="testCase1" time="0.001" classname="com.annotations.FetchdataFromDatapool"/>
  <testcase name="testCase1" time="0.002" classname="com.annotations.FetchdataFromDatapool"/>
  <testcase name="testCase1" time="0.044" classname="com.annotations.FetchdataFromDatapool"/>
  <testcase name="testCase1" time="0.003" classname="com.annotations.FetchdataFromDatapool"/>
</testsuite> <!-- com.annotations.FetchdataFromDatapool -->
