<?xml version="1.0" encoding="UTF-8"?>
<!-- Generated by org.testng.reporters.JUnitReportReporter -->
<testsuite skipped="1" hostname="DESKTOP-S2E0FKK" name="com.annotations.Order" tests="3" failures="0" timestamp="25 Mar 2019 07:09:35 GMT" time="0.021" errors="0">
  <testcase name="login" time="0.017" classname="com.annotations.Order"/>
  <testcase name="Savemail" time="0.004" classname="com.annotations.Order"/>
  <testcase name="composemail" classname="com.annotations.Order">
    <skipped/>
  </testcase> <!-- composemail -->
</testsuite> <!-- com.annotations.Order -->
