<?xml version="1.0" encoding="UTF-8"?>
<!-- Generated by org.testng.reporters.JUnitReportReporter -->
<testsuite hostname="LAPTOP-8MGRSLMF" name="com.annotations.Annot" tests="3" failures="0" timestamp="9 Apr 2019 10:12:57 GMT" time="0.021" errors="0">
  <testcase name="testCase1" time="0.013" classname="com.annotations.Annot"/>
  <testcase name="testCase3" time="0.004" classname="com.annotations.Annot"/>
  <testcase name="testCase2" time="0.004" classname="com.annotations.Annot"/>
</testsuite> <!-- com.annotations.Annot -->
